<?xml version="1.0" encoding="UTF-8"?>
<testsuite xmlns:xsi="http://www.w3.org/2001/XMLSchema-instance" xsi:noNamespaceSchemaLocation="https://maven.apache.org/surefire/maven-surefire-plugin/xsd/surefire-test-report.xsd" name="com.mycompany.ut5_pd1.TArbolGenericoTest" time="0.098" tests="12" errors="0" skipped="0" failures="0">
  <properties>
    <property name="java.specification.version" value="18"/>
    <property name="sun.cpu.isalist" value="amd64"/>
    <property name="sun.jnu.encoding" value="Cp1252"/>
    <property name="java.class.path" value="C:\Users\matia\OneDrive\Documentos\NetBeansProjects\UT5_PD1\target\test-classes;C:\Users\matia\OneDrive\Documentos\NetBeansProjects\UT5_PD1\target\classes;C:\Users\matia\.m2\repository\org\junit\jupiter\junit-jupiter-api\5.6.0\junit-jupiter-api-5.6.0.jar;C:\Users\matia\.m2\repository\org\apiguardian\apiguardian-api\1.1.0\apiguardian-api-1.1.0.jar;C:\Users\matia\.m2\repository\org\opentest4j\opentest4j\1.2.0\opentest4j-1.2.0.jar;C:\Users\matia\.m2\repository\org\junit\platform\junit-platform-commons\1.6.0\junit-platform-commons-1.6.0.jar;C:\Users\matia\.m2\repository\org\junit\jupiter\junit-jupiter-params\5.6.0\junit-jupiter-params-5.6.0.jar;C:\Users\matia\.m2\repository\org\junit\jupiter\junit-jupiter-engine\5.6.0\junit-jupiter-engine-5.6.0.jar;C:\Users\matia\.m2\repository\org\junit\platform\junit-platform-engine\1.6.0\junit-platform-engine-1.6.0.jar;"/>
    <property name="java.vm.vendor" value="Oracle Corporation"/>
    <property name="sun.arch.data.model" value="64"/>
    <property name="user.variant" value=""/>
    <property name="java.vendor.url" value="https://java.oracle.com/"/>
    <property name="user.timezone" value="America/Montevideo"/>
    <property name="os.name" value="Windows 10"/>
    <property name="java.vm.specification.version" value="18"/>
    <property name="user.country" value="UY"/>
    <property name="sun.java.launcher" value="SUN_STANDARD"/>
    <property name="sun.boot.library.path" value="C:\Program Files\Java\jdk-18\bin"/>
    <property name="sun.java.command" value="C:\Users\matia\AppData\Local\Temp\surefire4593966357660535559\surefirebooter2198505956926423981.jar C:\Users\matia\AppData\Local\Temp\surefire4593966357660535559 2022-05-28T16-32-54_060-jvmRun1 surefire8783995940443243750tmp surefire_07524675286088969987tmp"/>
    <property name="jdk.debug" value="release"/>
    <property name="surefire.test.class.path" value="C:\Users\matia\OneDrive\Documentos\NetBeansProjects\UT5_PD1\target\test-classes;C:\Users\matia\OneDrive\Documentos\NetBeansProjects\UT5_PD1\target\classes;C:\Users\matia\.m2\repository\org\junit\jupiter\junit-jupiter-api\5.6.0\junit-jupiter-api-5.6.0.jar;C:\Users\matia\.m2\repository\org\apiguardian\apiguardian-api\1.1.0\apiguardian-api-1.1.0.jar;C:\Users\matia\.m2\repository\org\opentest4j\opentest4j\1.2.0\opentest4j-1.2.0.jar;C:\Users\matia\.m2\repository\org\junit\platform\junit-platform-commons\1.6.0\junit-platform-commons-1.6.0.jar;C:\Users\matia\.m2\repository\org\junit\jupiter\junit-jupiter-params\5.6.0\junit-jupiter-params-5.6.0.jar;C:\Users\matia\.m2\repository\org\junit\jupiter\junit-jupiter-engine\5.6.0\junit-jupiter-engine-5.6.0.jar;C:\Users\matia\.m2\repository\org\junit\platform\junit-platform-engine\1.6.0\junit-platform-engine-1.6.0.jar;"/>
    <property name="sun.cpu.endian" value="little"/>
    <property name="user.home" value="C:\Users\matia"/>
    <property name="user.language" value="es"/>
    <property name="java.specification.vendor" value="Oracle Corporation"/>
    <property name="java.version.date" value="2022-03-22"/>
    <property name="java.home" value="C:\Program Files\Java\jdk-18"/>
    <property name="file.separator" value="\"/>
    <property name="basedir" value="C:\Users\matia\OneDrive\Documentos\NetBeansProjects\UT5_PD1"/>
    <property name="java.vm.compressedOopsMode" value="Zero based"/>
    <property name="line.separator" value="&#10;"/>
    <property name="java.vm.specification.vendor" value="Oracle Corporation"/>
    <property name="java.specification.name" value="Java Platform API Specification"/>
    <property name="surefire.real.class.path" value="C:\Users\matia\AppData\Local\Temp\surefire4593966357660535559\surefirebooter2198505956926423981.jar"/>
    <property name="user.script" value=""/>
    <property name="sun.management.compiler" value="HotSpot 64-Bit Tiered Compilers"/>
    <property name="java.runtime.version" value="18+36-2087"/>
    <property name="user.name" value="matia"/>
    <property name="path.separator" value=";"/>
    <property name="os.version" value="10.0"/>
    <property name="java.runtime.name" value="Java(TM) SE Runtime Environment"/>
    <property name="file.encoding" value="UTF-8"/>
    <property name="java.vm.name" value="Java HotSpot(TM) 64-Bit Server VM"/>
    <property name="maven.ext.class.path" value="C:\Program Files\NetBeans-13\netbeans\java\maven-nblib\netbeans-eventspy.jar"/>
    <property name="localRepository" value="C:\Users\matia\.m2\repository"/>
    <property name="java.vendor.url.bug" value="https://bugreport.java.com/bugreport/"/>
    <property name="java.io.tmpdir" value="C:\Users\matia\AppData\Local\Temp\"/>
    <property name="java.version" value="18"/>
    <property name="user.dir" value="C:\Users\matia\OneDrive\Documentos\NetBeansProjects\UT5_PD1"/>
    <property name="os.arch" value="amd64"/>
    <property name="java.vm.specification.name" value="Java Virtual Machine Specification"/>
    <property name="sun.os.patch.level" value=""/>
    <property name="native.encoding" value="Cp1252"/>
    <property name="java.library.path" value="C:\Program Files\Java\jdk-18\bin;C:\windows\Sun\Java\bin;C:\windows\system32;C:\windows;C:\Program Files (x86)\VMware\VMware Player\bin\;C:\Program Files\Common Files\Oracle\Java\javapath;C:\ProgramData\Oracle\Java\javapath;C:\windows\system32;C:\windows;C:\windows\System32\Wbem;C:\windows\System32\WindowsPowerShell\v1.0\;C:\windows\System32\OpenSSH\;C:\Program Files\dotnet\;C:\Program Files\Git\cmd;C;C;C;C:\Program Files\Microchip\xc8\v2.31\bin;C:\Users\matia\AppData\Local\Microsoft\WindowsApps;C:\Users\matia\.dotnet\tools;C:\Users\matia\AppData\Local\Programs\Microsoft VS Code\bin;C:\Users\matia\AppData\Local\GitHubDesktop\bin;."/>
    <property name="java.vm.info" value="mixed mode, sharing"/>
    <property name="java.vendor" value="Oracle Corporation"/>
    <property name="java.vm.version" value="18+36-2087"/>
    <property name="sun.io.unicode.encoding" value="UnicodeLittle"/>
    <property name="java.class.version" value="62.0"/>
  </properties>
  <testcase name="testInsertarArbolConElementos" classname="com.mycompany.ut5_pd1.TArbolGenericoTest" time="0.055"/>
  <testcase name="testBuscarArbolVacio" classname="com.mycompany.ut5_pd1.TArbolGenericoTest" time="0.002"/>
  <testcase name="testListarIdentadoArbolConElementos" classname="com.mycompany.ut5_pd1.TArbolGenericoTest" time="0.001"/>
  <testcase name="testInsertarArbolConElementosYNuevaEtiquetaPadre" classname="com.mycompany.ut5_pd1.TArbolGenericoTest" time="0.002"/>
  <testcase name="testBuscarArbolInmutado" classname="com.mycompany.ut5_pd1.TArbolGenericoTest" time="0.002"/>
  <testcase name="testBuscarArbolConElementosPeroSinEtiqueta" classname="com.mycompany.ut5_pd1.TArbolGenericoTest" time="0.002"/>
  <testcase name="testListarIdentadoArbolInmutado" classname="com.mycompany.ut5_pd1.TArbolGenericoTest" time="0.002"/>
  <testcase name="testInsertarArbolConElementosYConEtiquetaYaPresente" classname="com.mycompany.ut5_pd1.TArbolGenericoTest" time="0.002"/>
  <testcase name="testListarIdentadoArbolVacio" classname="com.mycompany.ut5_pd1.TArbolGenericoTest" time="0.002"/>
  <testcase name="testInsertarArbolVacioYSinEtiquetaPadre" classname="com.mycompany.ut5_pd1.TArbolGenericoTest" time="0.002"/>
  <testcase name="testInsertarArbolVacioYConEtiquetaPadre" classname="com.mycompany.ut5_pd1.TArbolGenericoTest" time="0.002"/>
  <testcase name="testBuscarArbolConElementosYEtiqueta" classname="com.mycompany.ut5_pd1.TArbolGenericoTest" time="0.001"/>
</testsuite>